<?xml version="1.0" encoding="UTF-8"?>
<!-- Generated by org.testng.reporters.JUnitReportReporter -->
<testsuite hostname="UmaShankar" name="testCases.TC003_CreateLead" tests="1" failures="0" timestamp="21 Sep 2017 15:45:51 GMT" time="28.975" errors="0">
  <testcase name="login" time="28.975" classname="testCases.TC003_CreateLead"/>
</testsuite> <!-- testCases.TC003_CreateLead -->
