<?xml version="1.0" encoding="UTF-8"?>
<!-- Generated by org.testng.reporters.JUnitReportReporter -->
<testsuite hostname="UmaShankar" name="testCases.TC002_LoginFailure" tests="4" failures="0" timestamp="21 Sep 2017 15:45:14 GMT" time="47.595" errors="0">
  <testcase name="loginFailure" time="13.337" classname="testCases.TC002_LoginFailure"/>
  <testcase name="loginFailure" time="11.762" classname="testCases.TC002_LoginFailure"/>
  <testcase name="loginFailure" time="11.368" classname="testCases.TC002_LoginFailure"/>
  <testcase name="loginFailure" time="11.128" classname="testCases.TC002_LoginFailure"/>
</testsuite> <!-- testCases.TC002_LoginFailure -->
