<?xml version="1.0" encoding="UTF-8"?>
<!-- Generated by org.testng.reporters.JUnitReportReporter -->
<testsuite hostname="UmaShankar" name="testCases.TC007_DeleteLead" tests="1" failures="0" timestamp="21 Sep 2017 15:56:12 GMT" time="35.770" errors="0">
  <testcase name="login" time="35.770" classname="testCases.TC007_DeleteLead"/>
</testsuite> <!-- testCases.TC007_DeleteLead -->
