<?xml version="1.0" encoding="UTF-8"?>
<!-- Generated by org.testng.reporters.JUnitReportReporter -->
<testsuite hostname="UmaShankar" name="testCases.TC001_Login" tests="2" failures="0" timestamp="11 Oct 2017 17:30:05 GMT" time="44.815" errors="1">
  <testcase name="login" time="37.774" classname="testCases.TC001_Login">
    <error type="java.lang.StackOverflowError">
      <![CDATA[java.lang.StackOverflowError
	at java.util.regex.Pattern$Branch.match(Pattern.java:4604)
	at java.util.regex.Pattern$BranchConn.match(Pattern.java:4568)
	at java.util.regex.Pattern$GroupTail.match(Pattern.java:4717)
	at java.util.regex.Pattern$Curly.match0(Pattern.java:4279)
	at java.util.regex.Pattern$Curly.match(Pattern.java:4234)
	at java.util.regex.Pattern$GroupHead.match(Pattern.java:4658)
	at java.util.regex.Pattern$Branch.match(Pattern.java:4604)
	at java.util.regex.Pattern$Branch.match(Pattern.java:4602)
	at java.util.regex.Pattern$BmpCharProperty.match(Pattern.java:3798)
	at java.util.regex.Pattern$Start.match(Pattern.java:3461)
	at java.util.regex.Matcher.search(Matcher.java:1248)
	at java.util.regex.Matcher.find(Matcher.java:664)
	at java.util.Formatter.parse(Formatter.java:2549)
	at java.util.Formatter.format(Formatter.java:2501)
	at java.util.Formatter.format(Formatter.java:2455)
	at java.lang.String.format(String.java:2925)
	at org.openqa.selenium.remote.RemoteWebDriver.execute(RemoteWebDriver.java:634)
	at org.openqa.selenium.remote.RemoteWebDriver.execute(RemoteWebDriver.java:694)
	at org.openqa.selenium.remote.RemoteWebDriver.getScreenshotAs(RemoteWebDriver.java:382)
	at wrappers.GenericWrappers.takeSnap(GenericWrappers.java:568)
	at utils.Reporter.reportStep(Reporter.java:19)
	at wrappers.GenericWrappers.takeSnap(GenericWrappers.java:570)
	at utils.Reporter.reportStep(Reporter.java:19)
	at wrappers.GenericWrappers.takeSnap(GenericWrappers.java:570)
	at utils.Reporter.reportStep(Reporter.java:19)
	at wrappers.GenericWrappers.takeSnap(GenericWrappers.java:570)
	at utils.Reporter.reportStep(Reporter.java:19)
	at wrappers.GenericWrappers.takeSnap(GenericWrappers.java:570)
	at utils.Reporter.reportStep(Reporter.java:19)
	at wrappers.GenericWrappers.takeSnap(GenericWrappers.java:570)
	at utils.Reporter.reportStep(Reporter.java:19)
	at wrappers.GenericWrappers.takeSnap(GenericWrappers.java:570)
	at utils.Reporter.reportStep(Reporter.java:19)
	at wrappers.GenericWrappers.takeSnap(GenericWrappers.java:570)
	at utils.Reporter.reportStep(Reporter.java:19)
	at wrappers.GenericWrappers.takeSnap(GenericWrappers.java:570)
	at utils.Reporter.reportStep(Reporter.java:19)
	at wrappers.GenericWrappers.takeSnap(GenericWrappers.java:570)
	at utils.Reporter.reportStep(Reporter.java:19)
	at wrappers.GenericWrappers.takeSnap(GenericWrappers.java:570)
	at utils.Reporter.reportStep(Reporter.java:19)
	at wrappers.GenericWrappers.takeSnap(GenericWrappers.java:570)
	at utils.Reporter.reportStep(Reporter.java:19)
	at wrappers.GenericWrappers.takeSnap(GenericWrappers.java:570)
	at utils.Reporter.reportStep(Reporter.java:19)
	at wrappers.GenericWrappers.takeSnap(GenericWrappers.java:570)
	at utils.Reporter.reportStep(Reporter.java:19)
	at wrappers.GenericWrappers.takeSnap(GenericWrappers.java:570)
	at utils.Reporter.reportStep(Reporter.java:19)
	at wrappers.GenericWrappers.takeSnap(GenericWrappers.java:570)
	at utils.Reporter.reportStep(Reporter.java:19)
	at wrappers.GenericWrappers.takeSnap(GenericWrappers.java:570)
	at utils.Reporter.reportStep(Reporter.java:19)
	at wrappers.GenericWrappers.takeSnap(GenericWrappers.java:570)
	at utils.Reporter.reportStep(Reporter.java:19)
	at wrappers.GenericWrappers.takeSnap(GenericWrappers.java:570)
	at utils.Reporter.reportStep(Reporter.java:19)
	at wrappers.GenericWrappers.takeSnap(GenericWrappers.java:570)
	at utils.Reporter.reportStep(Reporter.java:19)
	at wrappers.GenericWrappers.takeSnap(GenericWrappers.java:570)
	at utils.Reporter.reportStep(Reporter.java:19)
	at wrappers.GenericWrappers.takeSnap(GenericWrappers.java:570)
	at utils.Reporter.reportStep(Reporter.java:19)
	at wrappers.GenericWrappers.takeSnap(GenericWrappers.java:570)
	at utils.Reporter.reportStep(Reporter.java:19)
	at wrappers.GenericWrappers.takeSnap(GenericWrappers.java:570)
	at utils.Reporter.reportStep(Reporter.java:19)
	at wrappers.GenericWrappers.takeSnap(GenericWrappers.java:570)
	at utils.Reporter.reportStep(Reporter.java:19)
	at wrappers.GenericWrappers.takeSnap(GenericWrappers.java:570)
	at utils.Reporter.reportStep(Reporter.java:19)
	at wrappers.GenericWrappers.takeSnap(GenericWrappers.java:570)
	at utils.Reporter.reportStep(Reporter.java:19)
	at wrappers.GenericWrappers.takeSnap(GenericWrappers.java:570)
	at utils.Reporter.reportStep(Reporter.java:19)
	at wrappers.GenericWrappers.takeSnap(GenericWrappers.java:570)
	at utils.Reporter.reportStep(Reporter.java:19)
	at wrappers.GenericWrappers.takeSnap(GenericWrappers.java:570)
	at utils.Reporter.reportStep(Reporter.java:19)
	at wrappers.GenericWrappers.takeSnap(GenericWrappers.java:570)
	at utils.Reporter.reportStep(Reporter.java:19)
	at wrappers.GenericWrappers.takeSnap(GenericWrappers.java:570)
	at utils.Reporter.reportStep(Reporter.java:19)
	at wrappers.GenericWrappers.takeSnap(GenericWrappers.java:570)
	at utils.Reporter.reportStep(Reporter.java:19)
	at wrappers.GenericWrappers.takeSnap(GenericWrappers.java:570)
	at utils.Reporter.reportStep(Reporter.java:19)
	at wrappers.GenericWrappers.takeSnap(GenericWrappers.java:570)
	at utils.Reporter.reportStep(Reporter.java:19)
	at wrappers.GenericWrappers.takeSnap(GenericWrappers.java:570)
	at utils.Reporter.reportStep(Reporter.java:19)
	at wrappers.GenericWrappers.takeSnap(GenericWrappers.java:570)
	at utils.Reporter.reportStep(Reporter.java:19)
	at wrappers.GenericWrappers.takeSnap(GenericWrappers.java:570)
	at utils.Reporter.reportStep(Reporter.java:19)
	at wrappers.GenericWrappers.takeSnap(GenericWrappers.java:570)
	at utils.Reporter.reportStep(Reporter.java:19)
	at wrappers.GenericWrappers.takeSnap(GenericWrappers.java:570)
	at utils.Reporter.reportStep(Reporter.java:19)
	at wrappers.GenericWrappers.takeSnap(GenericWrappers.java:570)
	at utils.Reporter.reportStep(Reporter.java:19)
	at wrappers.GenericWrappers.takeSnap(GenericWrappers.java:570)
	at utils.Reporter.reportStep(Reporter.java:19)
	at wrappers.GenericWrappers.takeSnap(GenericWrappers.java:570)
	at utils.Reporter.reportStep(Reporter.java:19)
	at wrappers.GenericWrappers.takeSnap(GenericWrappers.java:570)
	at utils.Reporter.reportStep(Reporter.java:19)
	at wrappers.GenericWrappers.takeSnap(GenericWrappers.java:570)
	at utils.Reporter.reportStep(Reporter.java:19)
	at wrappers.GenericWrappers.takeSnap(GenericWrappers.java:570)
	at utils.Reporter.reportStep(Reporter.java:19)
	at wrappers.GenericWrappers.takeSnap(GenericWrappers.java:570)
	at utils.Reporter.reportStep(Reporter.java:19)
	at wrappers.GenericWrappers.takeSnap(GenericWrappers.java:570)
	at utils.Reporter.reportStep(Reporter.java:19)
	at wrappers.GenericWrappers.takeSnap(GenericWrappers.java:570)
	at utils.Reporter.reportStep(Reporter.java:19)
	at wrappers.GenericWrappers.takeSnap(GenericWrappers.java:570)
	at utils.Reporter.reportStep(Reporter.java:19)
	at wrappers.GenericWrappers.takeSnap(GenericWrappers.java:570)
	at utils.Reporter.reportStep(Reporter.java:19)
	at wrappers.GenericWrappers.takeSnap(GenericWrappers.java:570)
	at utils.Reporter.reportStep(Reporter.java:19)
	at wrappers.GenericWrappers.takeSnap(GenericWrappers.java:570)
	at utils.Reporter.reportStep(Reporter.java:19)
	at wrappers.GenericWrappers.takeSnap(GenericWrappers.java:570)
	at utils.Reporter.reportStep(Reporter.java:19)
	at wrappers.GenericWrappers.takeSnap(GenericWrappers.java:570)
	at utils.Reporter.reportStep(Reporter.java:19)
	at wrappers.GenericWrappers.takeSnap(GenericWrappers.java:570)
	at utils.Reporter.reportStep(Reporter.java:19)
	at wrappers.GenericWrappers.takeSnap(GenericWrappers.java:570)
	at utils.Reporter.reportStep(Reporter.java:19)
	at wrappers.GenericWrappers.takeSnap(GenericWrappers.java:570)
	at utils.Reporter.reportStep(Reporter.java:19)
	at wrappers.GenericWrappers.takeSnap(GenericWrappers.java:570)
	at utils.Reporter.reportStep(Reporter.java:19)
	at wrappers.GenericWrappers.takeSnap(GenericWrappers.java:570)
	at utils.Reporter.reportStep(Reporter.java:19)
	at wrappers.GenericWrappers.takeSnap(GenericWrappers.java:570)
	at utils.Reporter.reportStep(Reporter.java:19)
	at wrappers.GenericWrappers.takeSnap(GenericWrappers.java:570)
	at utils.Reporter.reportStep(Reporter.java:19)
	at wrappers.GenericWrappers.takeSnap(GenericWrappers.java:570)
	at utils.Reporter.reportStep(Reporter.java:19)
	at wrappers.GenericWrappers.takeSnap(GenericWrappers.java:570)
	at utils.Reporter.reportStep(Reporter.java:19)
	at wrappers.GenericWrappers.takeSnap(GenericWrappers.java:570)
	at utils.Reporter.reportStep(Reporter.java:19)
	at wrappers.GenericWrappers.takeSnap(GenericWrappers.java:570)
	at utils.Reporter.reportStep(Reporter.java:19)
	at wrappers.GenericWrappers.takeSnap(GenericWrappers.java:570)
	at utils.Reporter.reportStep(Reporter.java:19)
	at wrappers.GenericWrappers.takeSnap(GenericWrappers.java:570)
	at utils.Reporter.reportStep(Reporter.java:19)
	at wrappers.GenericWrappers.takeSnap(GenericWrappers.java:570)
	at utils.Reporter.reportStep(Reporter.java:19)
	at wrappers.GenericWrappers.takeSnap(GenericWrappers.java:570)
	at utils.Reporter.reportStep(Reporter.java:19)
	at wrappers.GenericWrappers.takeSnap(GenericWrappers.java:570)
	at utils.Reporter.reportStep(Reporter.java:19)
	at wrappers.GenericWrappers.takeSnap(GenericWrappers.java:570)
	at utils.Reporter.reportStep(Reporter.java:19)
	at wrappers.GenericWrappers.takeSnap(GenericWrappers.java:570)
	at utils.Reporter.reportStep(Reporter.java:19)
	at wrappers.GenericWrappers.takeSnap(GenericWrappers.java:570)
	at utils.Reporter.reportStep(Reporter.java:19)
	at wrappers.GenericWrappers.takeSnap(GenericWrappers.java:570)
	at utils.Reporter.reportStep(Reporter.java:19)
	at wrappers.GenericWrappers.takeSnap(GenericWrappers.java:570)
	at utils.Reporter.reportStep(Reporter.java:19)
	at wrappers.GenericWrappers.takeSnap(GenericWrappers.java:570)
	at utils.Reporter.reportStep(Reporter.java:19)
	at wrappers.GenericWrappers.takeSnap(GenericWrappers.java:570)
	at utils.Reporter.reportStep(Reporter.java:19)
	at wrappers.GenericWrappers.takeSnap(GenericWrappers.java:570)
	at utils.Reporter.reportStep(Reporter.java:19)
	at wrappers.GenericWrappers.takeSnap(GenericWrappers.java:570)
	at utils.Reporter.reportStep(Reporter.java:19)
	at wrappers.GenericWrappers.takeSnap(GenericWrappers.java:570)
	at utils.Reporter.reportStep(Reporter.java:19)
	at wrappers.GenericWrappers.takeSnap(GenericWrappers.java:570)
	at utils.Reporter.reportStep(Reporter.java:19)
	at wrappers.GenericWrappers.takeSnap(GenericWrappers.java:570)
	at utils.Reporter.reportStep(Reporter.java:19)
	at wrappers.GenericWrappers.takeSnap(GenericWrappers.java:570)
	at utils.Reporter.reportStep(Reporter.java:19)
	at wrappers.GenericWrappers.takeSnap(GenericWrappers.java:570)
	at utils.Reporter.reportStep(Reporter.java:19)
	at wrappers.GenericWrappers.takeSnap(GenericWrappers.java:570)
	at utils.Reporter.reportStep(Reporter.java:19)
	at wrappers.GenericWrappers.takeSnap(GenericWrappers.java:570)
	at utils.Reporter.reportStep(Reporter.java:19)
	at wrappers.GenericWrappers.takeSnap(GenericWrappers.java:570)
	at utils.Reporter.reportStep(Reporter.java:19)
	at wrappers.GenericWrappers.takeSnap(GenericWrappers.java:570)
	at utils.Reporter.reportStep(Reporter.java:19)
	at wrappers.GenericWrappers.takeSnap(GenericWrappers.java:570)
	at utils.Reporter.reportStep(Reporter.java:19)
	at wrappers.GenericWrappers.takeSnap(GenericWrappers.java:570)
	at utils.Reporter.reportStep(Reporter.java:19)
	at wrappers.GenericWrappers.takeSnap(GenericWrappers.java:570)
	at utils.Reporter.reportStep(Reporter.java:19)
	at wrappers.GenericWrappers.takeSnap(GenericWrappers.java:570)
	at utils.Reporter.reportStep(Reporter.java:19)
	at wrappers.GenericWrappers.takeSnap(GenericWrappers.java:570)
	at utils.Reporter.reportStep(Reporter.java:19)
	at wrappers.GenericWrappers.takeSnap(GenericWrappers.java:570)
	at utils.Reporter.reportStep(Reporter.java:19)
	at wrappers.GenericWrappers.takeSnap(GenericWrappers.java:570)
	at utils.Reporter.reportStep(Reporter.java:19)
	at wrappers.GenericWrappers.takeSnap(GenericWrappers.java:570)
	at utils.Reporter.reportStep(Reporter.java:19)
	at wrappers.GenericWrappers.takeSnap(GenericWrappers.java:570)
	at utils.Reporter.reportStep(Reporter.java:19)
	at wrappers.GenericWrappers.takeSnap(GenericWrappers.java:570)
	at utils.Reporter.reportStep(Reporter.java:19)
	at wrappers.GenericWrappers.takeSnap(GenericWrappers.java:570)
	at utils.Reporter.reportStep(Reporter.java:19)
	at wrappers.GenericWrappers.takeSnap(GenericWrappers.java:570)
	at utils.Reporter.reportStep(Reporter.java:19)
	at wrappers.GenericWrappers.takeSnap(GenericWrappers.java:570)
	at utils.Reporter.reportStep(Reporter.java:19)
	at wrappers.GenericWrappers.takeSnap(GenericWrappers.java:570)
	at utils.Reporter.reportStep(Reporter.java:19)
	at wrappers.GenericWrappers.takeSnap(GenericWrappers.java:570)
	at utils.Reporter.reportStep(Reporter.java:19)
	at wrappers.GenericWrappers.takeSnap(GenericWrappers.java:570)
	at utils.Reporter.reportStep(Reporter.java:19)
	at wrappers.GenericWrappers.takeSnap(GenericWrappers.java:570)
	at utils.Reporter.reportStep(Reporter.java:19)
	at wrappers.GenericWrappers.takeSnap(GenericWrappers.java:570)
	at utils.Reporter.reportStep(Reporter.java:19)
	at wrappers.GenericWrappers.takeSnap(GenericWrappers.java:570)
	at utils.Reporter.reportStep(Reporter.java:19)
	at wrappers.GenericWrappers.takeSnap(GenericWrappers.java:570)
	at utils.Reporter.reportStep(Reporter.java:19)
	at wrappers.GenericWrappers.takeSnap(GenericWrappers.java:570)
	at utils.Reporter.reportStep(Reporter.java:19)
	at wrappers.GenericWrappers.takeSnap(GenericWrappers.java:570)
	at utils.Reporter.reportStep(Reporter.java:19)
	at wrappers.GenericWrappers.takeSnap(GenericWrappers.java:570)
	at utils.Reporter.reportStep(Reporter.java:19)
	at wrappers.GenericWrappers.takeSnap(GenericWrappers.java:570)
	at utils.Reporter.reportStep(Reporter.java:19)
	at wrappers.GenericWrappers.takeSnap(GenericWrappers.java:570)
	at utils.Reporter.reportStep(Reporter.java:19)
	at wrappers.GenericWrappers.takeSnap(GenericWrappers.java:570)
	at utils.Reporter.reportStep(Reporter.java:19)
	at wrappers.GenericWrappers.takeSnap(GenericWrappers.java:570)
	at utils.Reporter.reportStep(Reporter.java:19)
	at wrappers.GenericWrappers.takeSnap(GenericWrappers.java:570)
	at utils.Reporter.reportStep(Reporter.java:19)
	at wrappers.GenericWrappers.takeSnap(GenericWrappers.java:570)
	at utils.Reporter.reportStep(Reporter.java:19)
	at wrappers.GenericWrappers.takeSnap(GenericWrappers.java:570)
	at utils.Reporter.reportStep(Reporter.java:19)
	at wrappers.GenericWrappers.takeSnap(GenericWrappers.java:570)
	at utils.Reporter.reportStep(Reporter.java:19)
	at wrappers.GenericWrappers.takeSnap(GenericWrappers.java:570)
	at utils.Reporter.reportStep(Reporter.java:19)
	at wrappers.GenericWrappers.takeSnap(GenericWrappers.java:570)
	at utils.Reporter.reportStep(Reporter.java:19)
	at wrappers.GenericWrappers.takeSnap(GenericWrappers.java:570)
	at utils.Reporter.reportStep(Reporter.java:19)
	at wrappers.GenericWrappers.takeSnap(GenericWrappers.java:570)
	at utils.Reporter.reportStep(Reporter.java:19)
	at wrappers.GenericWrappers.takeSnap(GenericWrappers.java:570)
	at utils.Reporter.reportStep(Reporter.java:19)
	at wrappers.GenericWrappers.takeSnap(GenericWrappers.java:570)
	at utils.Reporter.reportStep(Reporter.java:19)
	at wrappers.GenericWrappers.takeSnap(GenericWrappers.java:570)
	at utils.Reporter.reportStep(Reporter.java:19)
	at wrappers.GenericWrappers.takeSnap(GenericWrappers.java:570)
	at utils.Reporter.reportStep(Reporter.java:19)
	at wrappers.GenericWrappers.takeSnap(GenericWrappers.java:570)
	at utils.Reporter.reportStep(Reporter.java:19)
	at wrappers.GenericWrappers.takeSnap(GenericWrappers.java:570)
	at utils.Reporter.reportStep(Reporter.java:19)
	at wrappers.GenericWrappers.takeSnap(GenericWrappers.java:570)
	at utils.Reporter.reportStep(Reporter.java:19)
	at wrappers.GenericWrappers.takeSnap(GenericWrappers.java:570)
	at utils.Reporter.reportStep(Reporter.java:19)
	at wrappers.GenericWrappers.takeSnap(GenericWrappers.java:570)
	at utils.Reporter.reportStep(Reporter.java:19)
	at wrappers.GenericWrappers.takeSnap(GenericWrappers.java:570)
	at utils.Reporter.reportStep(Reporter.java:19)
	at wrappers.GenericWrappers.takeSnap(GenericWrappers.java:570)
	at utils.Reporter.reportStep(Reporter.java:19)
	at wrappers.GenericWrappers.takeSnap(GenericWrappers.java:570)
	at utils.Reporter.reportStep(Reporter.java:19)
	at wrappers.GenericWrappers.takeSnap(GenericWrappers.java:570)
	at utils.Reporter.reportStep(Reporter.java:19)
	at wrappers.GenericWrappers.takeSnap(GenericWrappers.java:570)
	at utils.Reporter.reportStep(Reporter.java:19)
	at wrappers.GenericWrappers.takeSnap(GenericWrappers.java:570)
	at utils.Reporter.reportStep(Reporter.java:19)
	at wrappers.GenericWrappers.takeSnap(GenericWrappers.java:570)
	at utils.Reporter.reportStep(Reporter.java:19)
	at wrappers.GenericWrappers.takeSnap(GenericWrappers.java:570)
	at utils.Reporter.reportStep(Reporter.java:19)
	at wrappers.GenericWrappers.takeSnap(GenericWrappers.java:570)
	at utils.Reporter.reportStep(Reporter.java:19)
	at wrappers.GenericWrappers.takeSnap(GenericWrappers.java:570)
	at utils.Reporter.reportStep(Reporter.java:19)
	at wrappers.GenericWrappers.takeSnap(GenericWrappers.java:570)
	at utils.Reporter.reportStep(Reporter.java:19)
	at wrappers.GenericWrappers.takeSnap(GenericWrappers.java:570)
	at utils.Reporter.reportStep(Reporter.java:19)
	at wrappers.GenericWrappers.takeSnap(GenericWrappers.java:570)
	at utils.Reporter.reportStep(Reporter.java:19)
	at wrappers.GenericWrappers.takeSnap(GenericWrappers.java:570)
	at utils.Reporter.reportStep(Reporter.java:19)
	at wrappers.GenericWrappers.takeSnap(GenericWrappers.java:570)
	at utils.Reporter.reportStep(Reporter.java:19)
	at wrappers.GenericWrappers.takeSnap(GenericWrappers.java:570)
	at utils.Reporter.reportStep(Reporter.java:19)
	at wrappers.GenericWrappers.takeSnap(GenericWrappers.java:570)
	at utils.Reporter.reportStep(Reporter.java:19)
	at wrappers.GenericWrappers.takeSnap(GenericWrappers.java:570)
	at utils.Reporter.reportStep(Reporter.java:19)
	at wrappers.GenericWrappers.takeSnap(GenericWrappers.java:570)
	at utils.Reporter.reportStep(Reporter.java:19)
	at wrappers.GenericWrappers.takeSnap(GenericWrappers.java:570)
	at utils.Reporter.reportStep(Reporter.java:19)
	at wrappers.GenericWrappers.takeSnap(GenericWrappers.java:570)
	at utils.Reporter.reportStep(Reporter.java:19)
	at wrappers.GenericWrappers.takeSnap(GenericWrappers.java:570)
	at utils.Reporter.reportStep(Reporter.java:19)
	at wrappers.GenericWrappers.takeSnap(GenericWrappers.java:570)
	at utils.Reporter.reportStep(Reporter.java:19)
	at wrappers.GenericWrappers.takeSnap(GenericWrappers.java:570)
	at utils.Reporter.reportStep(Reporter.java:19)
	at wrappers.GenericWrappers.takeSnap(GenericWrappers.java:570)
	at utils.Reporter.reportStep(Reporter.java:19)
	at wrappers.GenericWrappers.takeSnap(GenericWrappers.java:570)
	at utils.Reporter.reportStep(Reporter.java:19)
	at wrappers.GenericWrappers.takeSnap(GenericWrappers.java:570)
	at utils.Reporter.reportStep(Reporter.java:19)
	at wrappers.GenericWrappers.takeSnap(GenericWrappers.java:570)
	at utils.Reporter.reportStep(Reporter.java:19)
	at wrappers.GenericWrappers.takeSnap(GenericWrappers.java:570)
	at utils.Reporter.reportStep(Reporter.java:19)
	at wrappers.GenericWrappers.takeSnap(GenericWrappers.java:570)
	at utils.Reporter.reportStep(Reporter.java:19)
	at wrappers.GenericWrappers.takeSnap(GenericWrappers.java:570)
	at utils.Reporter.reportStep(Reporter.java:19)
	at wrappers.GenericWrappers.takeSnap(GenericWrappers.java:570)
	at utils.Reporter.reportStep(Reporter.java:19)
	at wrappers.GenericWrappers.takeSnap(GenericWrappers.java:570)
	at utils.Reporter.reportStep(Reporter.java:19)
	at wrappers.GenericWrappers.takeSnap(GenericWrappers.java:570)
	at utils.Reporter.reportStep(Reporter.java:19)
	at wrappers.GenericWrappers.takeSnap(GenericWrappers.java:570)
	at utils.Reporter.reportStep(Reporter.java:19)
	at wrappers.GenericWrappers.takeSnap(GenericWrappers.java:570)
	at utils.Reporter.reportStep(Reporter.java:19)
	at wrappers.GenericWrappers.takeSnap(GenericWrappers.java:570)
	at utils.Reporter.reportStep(Reporter.java:19)
	at wrappers.GenericWrappers.takeSnap(GenericWrappers.java:570)
	at utils.Reporter.reportStep(Reporter.java:19)
	at wrappers.GenericWrappers.takeSnap(GenericWrappers.java:570)
	at utils.Reporter.reportStep(Reporter.java:19)
	at wrappers.GenericWrappers.takeSnap(GenericWrappers.java:570)
	at utils.Reporter.reportStep(Reporter.java:19)
	at wrappers.GenericWrappers.takeSnap(GenericWrappers.java:570)
	at utils.Reporter.reportStep(Reporter.java:19)
	at wrappers.GenericWrappers.takeSnap(GenericWrappers.java:570)
	at utils.Reporter.reportStep(Reporter.java:19)
	at wrappers.GenericWrappers.takeSnap(GenericWrappers.java:570)
	at utils.Reporter.reportStep(Reporter.java:19)
	at wrappers.GenericWrappers.takeSnap(GenericWrappers.java:570)
	at utils.Reporter.reportStep(Reporter.java:19)
	at wrappers.GenericWrappers.takeSnap(GenericWrappers.java:570)
	at utils.Reporter.reportStep(Reporter.java:19)
	at wrappers.GenericWrappers.takeSnap(GenericWrappers.java:570)
	at utils.Reporter.reportStep(Reporter.java:19)
	at wrappers.GenericWrappers.takeSnap(GenericWrappers.java:570)
	at utils.Reporter.reportStep(Reporter.java:19)
	at wrappers.GenericWrappers.takeSnap(GenericWrappers.java:570)
	at utils.Reporter.reportStep(Reporter.java:19)
	at wrappers.GenericWrappers.takeSnap(GenericWrappers.java:570)
	at utils.Reporter.reportStep(Reporter.java:19)
	at wrappers.GenericWrappers.takeSnap(GenericWrappers.java:570)
	at utils.Reporter.reportStep(Reporter.java:19)
	at wrappers.GenericWrappers.takeSnap(GenericWrappers.java:570)
	at utils.Reporter.reportStep(Reporter.java:19)
	at wrappers.GenericWrappers.takeSnap(GenericWrappers.java:570)
	at utils.Reporter.reportStep(Reporter.java:19)
	at wrappers.GenericWrappers.takeSnap(GenericWrappers.java:570)
	at utils.Reporter.reportStep(Reporter.java:19)
	at wrappers.GenericWrappers.takeSnap(GenericWrappers.java:570)
	at utils.Reporter.reportStep(Reporter.java:19)
	at wrappers.GenericWrappers.takeSnap(GenericWrappers.java:570)
	at utils.Reporter.reportStep(Reporter.java:19)
	at wrappers.GenericWrappers.takeSnap(GenericWrappers.java:570)
	at utils.Reporter.reportStep(Reporter.java:19)
	at wrappers.GenericWrappers.takeSnap(GenericWrappers.java:570)
	at utils.Reporter.reportStep(Reporter.java:19)
	at wrappers.GenericWrappers.takeSnap(GenericWrappers.java:570)
	at utils.Reporter.reportStep(Reporter.java:19)
	at wrappers.GenericWrappers.takeSnap(GenericWrappers.java:570)
	at utils.Reporter.reportStep(Reporter.java:19)
	at wrappers.GenericWrappers.takeSnap(GenericWrappers.java:570)
	at utils.Reporter.reportStep(Reporter.java:19)
	at wrappers.GenericWrappers.takeSnap(GenericWrappers.java:570)
	at utils.Reporter.reportStep(Reporter.java:19)
	at wrappers.GenericWrappers.takeSnap(GenericWrappers.java:570)
	at utils.Reporter.reportStep(Reporter.java:19)
	at wrappers.GenericWrappers.takeSnap(GenericWrappers.java:570)
	at utils.Reporter.reportStep(Reporter.java:19)
	at wrappers.GenericWrappers.takeSnap(GenericWrappers.java:570)
	at utils.Reporter.reportStep(Reporter.java:19)
	at wrappers.GenericWrappers.takeSnap(GenericWrappers.java:570)
	at utils.Reporter.reportStep(Reporter.java:19)
	at wrappers.GenericWrappers.takeSnap(GenericWrappers.java:570)
	at utils.Reporter.reportStep(Reporter.java:19)
	at wrappers.GenericWrappers.takeSnap(GenericWrappers.java:570)
	at utils.Reporter.reportStep(Reporter.java:19)
	at wrappers.GenericWrappers.takeSnap(GenericWrappers.java:570)
	at utils.Reporter.reportStep(Reporter.java:19)
	at wrappers.GenericWrappers.takeSnap(GenericWrappers.java:570)
	at utils.Reporter.reportStep(Reporter.java:19)
	at wrappers.GenericWrappers.takeSnap(GenericWrappers.java:570)
	at utils.Reporter.reportStep(Reporter.java:19)
	at wrappers.GenericWrappers.takeSnap(GenericWrappers.java:570)
	at utils.Reporter.reportStep(Reporter.java:19)
	at wrappers.GenericWrappers.takeSnap(GenericWrappers.java:570)
	at utils.Reporter.reportStep(Reporter.java:19)
	at wrappers.GenericWrappers.takeSnap(GenericWrappers.java:570)
	at utils.Reporter.reportStep(Reporter.java:19)
	at wrappers.GenericWrappers.takeSnap(GenericWrappers.java:570)
	at utils.Reporter.reportStep(Reporter.java:19)
	at wrappers.GenericWrappers.takeSnap(GenericWrappers.java:570)
	at utils.Reporter.reportStep(Reporter.java:19)
	at wrappers.GenericWrappers.takeSnap(GenericWrappers.java:570)
	at utils.Reporter.reportStep(Reporter.java:19)
	at wrappers.GenericWrappers.takeSnap(GenericWrappers.java:570)
	at utils.Reporter.reportStep(Reporter.java:19)
	at wrappers.GenericWrappers.takeSnap(GenericWrappers.java:570)
	at utils.Reporter.reportStep(Reporter.java:19)
	at wrappers.GenericWrappers.takeSnap(GenericWrappers.java:570)
	at utils.Reporter.reportStep(Reporter.java:19)
	at wrappers.GenericWrappers.takeSnap(GenericWrappers.java:570)
	at utils.Reporter.reportStep(Reporter.java:19)
	at wrappers.GenericWrappers.takeSnap(GenericWrappers.java:570)
	at utils.Reporter.reportStep(Reporter.java:19)
	at wrappers.GenericWrappers.takeSnap(GenericWrappers.java:570)
	at utils.Reporter.reportStep(Reporter.java:19)
	at wrappers.GenericWrappers.takeSnap(GenericWrappers.java:570)
	at utils.Reporter.reportStep(Reporter.java:19)
	at wrappers.GenericWrappers.takeSnap(GenericWrappers.java:570)
	at utils.Reporter.reportStep(Reporter.java:19)
	at wrappers.GenericWrappers.takeSnap(GenericWrappers.java:570)
	at utils.Reporter.reportStep(Reporter.java:19)
	at wrappers.GenericWrappers.takeSnap(GenericWrappers.java:570)
	at utils.Reporter.reportStep(Reporter.java:19)
	at wrappers.GenericWrappers.takeSnap(GenericWrappers.java:570)
	at utils.Reporter.reportStep(Reporter.java:19)
	at wrappers.GenericWrappers.takeSnap(GenericWrappers.java:570)
	at utils.Reporter.reportStep(Reporter.java:19)
	at wrappers.GenericWrappers.takeSnap(GenericWrappers.java:570)
	at utils.Reporter.reportStep(Reporter.java:19)
	at wrappers.GenericWrappers.takeSnap(GenericWrappers.java:570)
	at utils.Reporter.reportStep(Reporter.java:19)
	at wrappers.GenericWrappers.takeSnap(GenericWrappers.java:570)
	at utils.Reporter.reportStep(Reporter.java:19)
	at wrappers.GenericWrappers.takeSnap(GenericWrappers.java:570)
	at utils.Reporter.reportStep(Reporter.java:19)
	at wrappers.GenericWrappers.takeSnap(GenericWrappers.java:570)
	at utils.Reporter.reportStep(Reporter.java:19)
	at wrappers.GenericWrappers.takeSnap(GenericWrappers.java:570)
	at utils.Reporter.reportStep(Reporter.java:19)
	at wrappers.GenericWrappers.takeSnap(GenericWrappers.java:570)
	at utils.Reporter.reportStep(Reporter.java:19)
	at wrappers.GenericWrappers.takeSnap(GenericWrappers.java:570)
	at utils.Reporter.reportStep(Reporter.java:19)
	at wrappers.GenericWrappers.takeSnap(GenericWrappers.java:570)
	at utils.Reporter.reportStep(Reporter.java:19)
	at wrappers.GenericWrappers.takeSnap(GenericWrappers.java:570)
	at utils.Reporter.reportStep(Reporter.java:19)
	at wrappers.GenericWrappers.takeSnap(GenericWrappers.java:570)
	at utils.Reporter.reportStep(Reporter.java:19)
	at wrappers.GenericWrappers.takeSnap(GenericWrappers.java:570)
	at utils.Reporter.reportStep(Reporter.java:19)
	at wrappers.GenericWrappers.takeSnap(GenericWrappers.java:570)
	at utils.Reporter.reportStep(Reporter.java:19)
	at wrappers.GenericWrappers.takeSnap(GenericWrappers.java:570)
	at utils.Reporter.reportStep(Reporter.java:19)
	at wrappers.GenericWrappers.takeSnap(GenericWrappers.java:570)
	at utils.Reporter.reportStep(Reporter.java:19)
	at wrappers.GenericWrappers.takeSnap(GenericWrappers.java:570)
	at utils.Reporter.reportStep(Reporter.java:19)
	at wrappers.GenericWrappers.takeSnap(GenericWrappers.java:570)
	at utils.Reporter.reportStep(Reporter.java:19)
	at wrappers.GenericWrappers.takeSnap(GenericWrappers.java:570)
	at utils.Reporter.reportStep(Reporter.java:19)
	at wrappers.GenericWrappers.takeSnap(GenericWrappers.java:570)
	at utils.Reporter.reportStep(Reporter.java:19)
	at wrappers.GenericWrappers.takeSnap(GenericWrappers.java:570)
	at utils.Reporter.reportStep(Reporter.java:19)
	at wrappers.GenericWrappers.takeSnap(GenericWrappers.java:570)
	at utils.Reporter.reportStep(Reporter.java:19)
	at wrappers.GenericWrappers.takeSnap(GenericWrappers.java:570)
	at utils.Reporter.reportStep(Reporter.java:19)
	at wrappers.GenericWrappers.takeSnap(GenericWrappers.java:570)
	at utils.Reporter.reportStep(Reporter.java:19)
	at wrappers.GenericWrappers.takeSnap(GenericWrappers.java:570)
	at utils.Reporter.reportStep(Reporter.java:19)
	at wrappers.GenericWrappers.takeSnap(GenericWrappers.java:570)
	at utils.Reporter.reportStep(Reporter.java:19)
	at wrappers.GenericWrappers.takeSnap(GenericWrappers.java:570)
	at utils.Reporter.reportStep(Reporter.java:19)
	at wrappers.GenericWrappers.takeSnap(GenericWrappers.java:570)
	at utils.Reporter.reportStep(Reporter.java:19)
	at wrappers.GenericWrappers.takeSnap(GenericWrappers.java:570)
	at utils.Reporter.reportStep(Reporter.java:19)
	at wrappers.GenericWrappers.takeSnap(GenericWrappers.java:570)
	at utils.Reporter.reportStep(Reporter.java:19)
	at wrappers.GenericWrappers.takeSnap(GenericWrappers.java:570)
	at utils.Reporter.reportStep(Reporter.java:19)
	at wrappers.GenericWrappers.takeSnap(GenericWrappers.java:570)
	at utils.Reporter.reportStep(Reporter.java:19)
	at wrappers.GenericWrappers.takeSnap(GenericWrappers.java:570)
	at utils.Reporter.reportStep(Reporter.java:19)
	at wrappers.GenericWrappers.takeSnap(GenericWrappers.java:570)
	at utils.Reporter.reportStep(Reporter.java:19)
	at wrappers.GenericWrappers.takeSnap(GenericWrappers.java:570)
	at utils.Reporter.reportStep(Reporter.java:19)
	at wrappers.GenericWrappers.takeSnap(GenericWrappers.java:570)
	at utils.Reporter.reportStep(Reporter.java:19)
	at wrappers.GenericWrappers.takeSnap(GenericWrappers.java:570)
	at utils.Reporter.reportStep(Reporter.java:19)
	at wrappers.GenericWrappers.takeSnap(GenericWrappers.java:570)
	at utils.Reporter.reportStep(Reporter.java:19)
	at wrappers.GenericWrappers.takeSnap(GenericWrappers.java:570)
	at utils.Reporter.reportStep(Reporter.java:19)
	at wrappers.GenericWrappers.takeSnap(GenericWrappers.java:570)
	at utils.Reporter.reportStep(Reporter.java:19)
	at wrappers.GenericWrappers.takeSnap(GenericWrappers.java:570)
	at utils.Reporter.reportStep(Reporter.java:19)
	at wrappers.GenericWrappers.takeSnap(GenericWrappers.java:570)
	at utils.Reporter.reportStep(Reporter.java:19)
	at wrappers.GenericWrappers.takeSnap(GenericWrappers.java:570)
	at utils.Reporter.reportStep(Reporter.java:19)
	at wrappers.GenericWrappers.takeSnap(GenericWrappers.java:570)
	at utils.Reporter.reportStep(Reporter.java:19)
	at wrappers.GenericWrappers.takeSnap(GenericWrappers.java:570)
	at utils.Reporter.reportStep(Reporter.java:19)
	at wrappers.GenericWrappers.takeSnap(GenericWrappers.java:570)
	at utils.Reporter.reportStep(Reporter.java:19)
	at wrappers.GenericWrappers.takeSnap(GenericWrappers.java:570)
	at utils.Reporter.reportStep(Reporter.java:19)
	at wrappers.GenericWrappers.takeSnap(GenericWrappers.java:570)
	at utils.Reporter.reportStep(Reporter.java:19)
	at wrappers.GenericWrappers.takeSnap(GenericWrappers.java:570)
	at utils.Reporter.reportStep(Reporter.java:19)
	at wrappers.GenericWrappers.takeSnap(GenericWrappers.java:570)
	at utils.Reporter.reportStep(Reporter.java:19)
	at wrappers.GenericWrappers.takeSnap(GenericWrappers.java:570)
	at utils.Reporter.reportStep(Reporter.java:19)
	at wrappers.GenericWrappers.takeSnap(GenericWrappers.java:570)
	at utils.Reporter.reportStep(Reporter.java:19)
	at wrappers.GenericWrappers.takeSnap(GenericWrappers.java:570)
	at utils.Reporter.reportStep(Reporter.java:19)
	at wrappers.GenericWrappers.takeSnap(GenericWrappers.java:570)
	at utils.Reporter.reportStep(Reporter.java:19)
	at wrappers.GenericWrappers.takeSnap(GenericWrappers.java:570)
	at utils.Reporter.reportStep(Reporter.java:19)
	at wrappers.GenericWrappers.takeSnap(GenericWrappers.java:570)
	at utils.Reporter.reportStep(Reporter.java:19)
	at wrappers.GenericWrappers.takeSnap(GenericWrappers.java:570)
	at utils.Reporter.reportStep(Reporter.java:19)
	at wrappers.GenericWrappers.takeSnap(GenericWrappers.java:570)
	at utils.Reporter.reportStep(Reporter.java:19)
	at wrappers.GenericWrappers.takeSnap(GenericWrappers.java:570)
	at utils.Reporter.reportStep(Reporter.java:19)
	at wrappers.GenericWrappers.takeSnap(GenericWrappers.java:570)
	at utils.Reporter.reportStep(Reporter.java:19)
	at wrappers.GenericWrappers.takeSnap(GenericWrappers.java:570)
	at utils.Reporter.reportStep(Reporter.java:19)
	at wrappers.GenericWrappers.takeSnap(GenericWrappers.java:570)
	at utils.Reporter.reportStep(Reporter.java:19)
	at wrappers.GenericWrappers.takeSnap(GenericWrappers.java:570)
	at utils.Reporter.reportStep(Reporter.java:19)
	at wrappers.GenericWrappers.takeSnap(GenericWrappers.java:570)
	at utils.Reporter.reportStep(Reporter.java:19)
	at wrappers.GenericWrappers.takeSnap(GenericWrappers.java:570)
	at utils.Reporter.reportStep(Reporter.java:19)
	at wrappers.GenericWrappers.takeSnap(GenericWrappers.java:570)
	at utils.Reporter.reportStep(Reporter.java:19)
	at wrappers.GenericWrappers.takeSnap(GenericWrappers.java:570)
	at utils.Reporter.reportStep(Reporter.java:19)
	at wrappers.GenericWrappers.takeSnap(GenericWrappers.java:570)
	at utils.Reporter.reportStep(Reporter.java:19)
	at wrappers.GenericWrappers.takeSnap(GenericWrappers.java:570)
	at utils.Reporter.reportStep(Reporter.java:19)
	at wrappers.GenericWrappers.takeSnap(GenericWrappers.java:570)
	at utils.Reporter.reportStep(Reporter.java:19)
	at wrappers.GenericWrappers.takeSnap(GenericWrappers.java:570)
	at utils.Reporter.reportStep(Reporter.java:19)
	at wrappers.GenericWrappers.takeSnap(GenericWrappers.java:570)
	at utils.Reporter.reportStep(Reporter.java:19)
	at wrappers.GenericWrappers.takeSnap(GenericWrappers.java:570)
	at utils.Reporter.reportStep(Reporter.java:19)
	at wrappers.GenericWrappers.takeSnap(GenericWrappers.java:570)
	at utils.Reporter.reportStep(Reporter.java:19)
	at wrappers.GenericWrappers.takeSnap(GenericWrappers.java:570)
	at utils.Reporter.reportStep(Reporter.java:19)
	at wrappers.GenericWrappers.takeSnap(GenericWrappers.java:570)
	at utils.Reporter.reportStep(Reporter.java:19)
	at wrappers.GenericWrappers.takeSnap(GenericWrappers.java:570)
	at utils.Reporter.reportStep(Reporter.java:19)
	at wrappers.GenericWrappers.takeSnap(GenericWrappers.java:570)
	at utils.Reporter.reportStep(Reporter.java:19)
	at wrappers.GenericWrappers.takeSnap(GenericWrappers.java:570)
	at utils.Reporter.reportStep(Reporter.java:19)
	at wrappers.GenericWrappers.takeSnap(GenericWrappers.java:570)
	at utils.Reporter.reportStep(Reporter.java:19)
	at wrappers.GenericWrappers.takeSnap(GenericWrappers.java:570)
	at utils.Reporter.reportStep(Reporter.java:19)
	at wrappers.GenericWrappers.takeSnap(GenericWrappers.java:570)
	at utils.Reporter.reportStep(Reporter.java:19)
	at wrappers.GenericWrappers.takeSnap(GenericWrappers.java:570)
	at utils.Reporter.reportStep(Reporter.java:19)
	at wrappers.GenericWrappers.takeSnap(GenericWrappers.java:570)
	at utils.Reporter.reportStep(Reporter.java:19)
	at wrappers.GenericWrappers.takeSnap(GenericWrappers.java:570)
	at utils.Reporter.reportStep(Reporter.java:19)
	at wrappers.GenericWrappers.takeSnap(GenericWrappers.java:570)
	at utils.Reporter.reportStep(Reporter.java:19)
	at wrappers.GenericWrappers.takeSnap(GenericWrappers.java:570)
	at utils.Reporter.reportStep(Reporter.java:19)
	at wrappers.GenericWrappers.takeSnap(GenericWrappers.java:570)
	at utils.Reporter.reportStep(Reporter.java:19)
	at wrappers.GenericWrappers.takeSnap(GenericWrappers.java:570)
	at utils.Reporter.reportStep(Reporter.java:19)
	at wrappers.GenericWrappers.takeSnap(GenericWrappers.java:570)
	at utils.Reporter.reportStep(Reporter.java:19)
	at wrappers.GenericWrappers.takeSnap(GenericWrappers.java:570)
	at utils.Reporter.reportStep(Reporter.java:19)
	at wrappers.GenericWrappers.takeSnap(GenericWrappers.java:570)
	at utils.Reporter.reportStep(Reporter.java:19)
	at wrappers.GenericWrappers.takeSnap(GenericWrappers.java:570)
	at utils.Reporter.reportStep(Reporter.java:19)
	at wrappers.GenericWrappers.takeSnap(GenericWrappers.java:570)
	at utils.Reporter.reportStep(Reporter.java:19)
	at wrappers.GenericWrappers.takeSnap(GenericWrappers.java:570)
	at utils.Reporter.reportStep(Reporter.java:19)
	at wrappers.GenericWrappers.takeSnap(GenericWrappers.java:570)
	at utils.Reporter.reportStep(Reporter.java:19)
	at wrappers.GenericWrappers.takeSnap(GenericWrappers.java:570)
	at utils.Reporter.reportStep(Reporter.java:19)
	at wrappers.GenericWrappers.takeSnap(GenericWrappers.java:570)
	at utils.Reporter.reportStep(Reporter.java:19)
	at wrappers.GenericWrappers.takeSnap(GenericWrappers.java:570)
	at utils.Reporter.reportStep(Reporter.java:19)
	at wrappers.GenericWrappers.takeSnap(GenericWrappers.java:570)
	at utils.Reporter.reportStep(Reporter.java:19)
	at wrappers.GenericWrappers.takeSnap(GenericWrappers.java:570)
	at utils.Reporter.reportStep(Reporter.java:19)
	at wrappers.GenericWrappers.takeSnap(GenericWrappers.java:570)
	at utils.Reporter.reportStep(Reporter.java:19)
	at wrappers.GenericWrappers.takeSnap(GenericWrappers.java:570)
	at utils.Reporter.reportStep(Reporter.java:19)
	at wrappers.GenericWrappers.takeSnap(GenericWrappers.java:570)
	at utils.Reporter.reportStep(Reporter.java:19)
	at wrappers.GenericWrappers.takeSnap(GenericWrappers.java:570)
	at utils.Reporter.reportStep(Reporter.java:19)
	at wrappers.GenericWrappers.takeSnap(GenericWrappers.java:570)
	at utils.Reporter.reportStep(Reporter.java:19)
	at wrappers.GenericWrappers.takeSnap(GenericWrappers.java:570)
	at utils.Reporter.reportStep(Reporter.java:19)
	at wrappers.GenericWrappers.takeSnap(GenericWrappers.java:570)
	at utils.Reporter.reportStep(Reporter.java:19)
	at wrappers.GenericWrappers.takeSnap(GenericWrappers.java:570)
	at utils.Reporter.reportStep(Reporter.java:19)
	at wrappers.GenericWrappers.takeSnap(GenericWrappers.java:570)
	at utils.Reporter.reportStep(Reporter.java:19)
	at wrappers.GenericWrappers.takeSnap(GenericWrappers.java:570)
	at utils.Reporter.reportStep(Reporter.java:19)
	at wrappers.GenericWrappers.takeSnap(GenericWrappers.java:570)
	at utils.Reporter.reportStep(Reporter.java:19)
	at wrappers.GenericWrappers.takeSnap(GenericWrappers.java:570)
	at utils.Reporter.reportStep(Reporter.java:19)
	at wrappers.GenericWrappers.takeSnap(GenericWrappers.java:570)
	at utils.Reporter.reportStep(Reporter.java:19)
	at wrappers.GenericWrappers.takeSnap(GenericWrappers.java:570)
	at utils.Reporter.reportStep(Reporter.java:19)
	at wrappers.GenericWrappers.takeSnap(GenericWrappers.java:570)
	at utils.Reporter.reportStep(Reporter.java:19)
	at wrappers.GenericWrappers.takeSnap(GenericWrappers.java:570)
	at utils.Reporter.reportStep(Reporter.java:19)
	at wrappers.GenericWrappers.takeSnap(GenericWrappers.java:570)
	at utils.Reporter.reportStep(Reporter.java:19)
	at wrappers.GenericWrappers.takeSnap(GenericWrappers.java:570)
	at utils.Reporter.reportStep(Reporter.java:19)
	at wrappers.GenericWrappers.takeSnap(GenericWrappers.java:570)
	at utils.Reporter.reportStep(Reporter.java:19)
	at wrappers.GenericWrappers.takeSnap(GenericWrappers.java:570)
	at utils.Reporter.reportStep(Reporter.java:19)
	at wrappers.GenericWrappers.takeSnap(GenericWrappers.java:570)
	at utils.Reporter.reportStep(Reporter.java:19)
	at wrappers.GenericWrappers.takeSnap(GenericWrappers.java:570)
	at utils.Reporter.reportStep(Reporter.java:19)
	at wrappers.GenericWrappers.takeSnap(GenericWrappers.java:570)
	at utils.Reporter.reportStep(Reporter.java:19)
	at wrappers.GenericWrappers.takeSnap(GenericWrappers.java:570)
	at utils.Reporter.reportStep(Reporter.java:19)
	at wrappers.GenericWrappers.takeSnap(GenericWrappers.java:570)
	at utils.Reporter.reportStep(Reporter.java:19)
	at wrappers.GenericWrappers.takeSnap(GenericWrappers.java:570)
	at utils.Reporter.reportStep(Reporter.java:19)
	at wrappers.GenericWrappers.takeSnap(GenericWrappers.java:570)
	at utils.Reporter.reportStep(Reporter.java:19)
	at wrappers.GenericWrappers.takeSnap(GenericWrappers.java:570)
	at utils.Reporter.reportStep(Reporter.java:19)
	at wrappers.GenericWrappers.takeSnap(GenericWrappers.java:570)
	at utils.Reporter.reportStep(Reporter.java:19)
	at wrappers.GenericWrappers.takeSnap(GenericWrappers.java:570)
	at utils.Reporter.reportStep(Reporter.java:19)
	at wrappers.GenericWrappers.takeSnap(GenericWrappers.java:570)
	at utils.Reporter.reportStep(Reporter.java:19)
	at wrappers.GenericWrappers.takeSnap(GenericWrappers.java:570)
	at utils.Reporter.reportStep(Reporter.java:19)
	at wrappers.GenericWrappers.takeSnap(GenericWrappers.java:570)
	at utils.Reporter.reportStep(Reporter.java:19)
	at wrappers.GenericWrappers.takeSnap(GenericWrappers.java:570)
	at utils.Reporter.reportStep(Reporter.java:19)
	at wrappers.GenericWrappers.takeSnap(GenericWrappers.java:570)
	at utils.Reporter.reportStep(Reporter.java:19)
	at wrappers.GenericWrappers.takeSnap(GenericWrappers.java:570)
	at utils.Reporter.reportStep(Reporter.java:19)
	at wrappers.GenericWrappers.takeSnap(GenericWrappers.java:570)
	at utils.Reporter.reportStep(Reporter.java:19)
	at wrappers.GenericWrappers.takeSnap(GenericWrappers.java:570)
	at utils.Reporter.reportStep(Reporter.java:19)
	at wrappers.GenericWrappers.takeSnap(GenericWrappers.java:570)
	at utils.Reporter.reportStep(Reporter.java:19)
	at wrappers.GenericWrappers.takeSnap(GenericWrappers.java:570)
	at utils.Reporter.reportStep(Reporter.java:19)
	at wrappers.GenericWrappers.takeSnap(GenericWrappers.java:570)
	at utils.Reporter.reportStep(Reporter.java:19)
	at wrappers.GenericWrappers.takeSnap(GenericWrappers.java:570)
	at utils.Reporter.reportStep(Reporter.java:19)
	at wrappers.GenericWrappers.takeSnap(GenericWrappers.java:570)
	at utils.Reporter.reportStep(Reporter.java:19)
	at wrappers.GenericWrappers.takeSnap(GenericWrappers.java:570)
	at utils.Reporter.reportStep(Reporter.java:19)
	at wrappers.GenericWrappers.takeSnap(GenericWrappers.java:570)
	at utils.Reporter.reportStep(Reporter.java:19)
	at wrappers.GenericWrappers.takeSnap(GenericWrappers.java:570)
	at utils.Reporter.reportStep(Reporter.java:19)
	at wrappers.GenericWrappers.takeSnap(GenericWrappers.java:570)
	at utils.Reporter.reportStep(Reporter.java:19)
	at wrappers.GenericWrappers.takeSnap(GenericWrappers.java:570)
	at utils.Reporter.reportStep(Reporter.java:19)
	at wrappers.GenericWrappers.takeSnap(GenericWrappers.java:570)
	at utils.Reporter.reportStep(Reporter.java:19)
	at wrappers.GenericWrappers.takeSnap(GenericWrappers.java:570)
	at utils.Reporter.reportStep(Reporter.java:19)
	at wrappers.GenericWrappers.takeSnap(GenericWrappers.java:570)
	at utils.Reporter.reportStep(Reporter.java:19)
	at wrappers.GenericWrappers.takeSnap(GenericWrappers.java:570)
	at utils.Reporter.reportStep(Reporter.java:19)
	at wrappers.GenericWrappers.takeSnap(GenericWrappers.java:570)
	at utils.Reporter.reportStep(Reporter.java:19)
	at wrappers.GenericWrappers.takeSnap(GenericWrappers.java:570)
	at utils.Reporter.reportStep(Reporter.java:19)
	at wrappers.GenericWrappers.takeSnap(GenericWrappers.java:570)
	at utils.Reporter.reportStep(Reporter.java:19)
	at wrappers.GenericWrappers.takeSnap(GenericWrappers.java:570)
	at utils.Reporter.reportStep(Reporter.java:19)
	at wrappers.GenericWrappers.takeSnap(GenericWrappers.java:570)
	at utils.Reporter.reportStep(Reporter.java:19)
	at wrappers.GenericWrappers.takeSnap(GenericWrappers.java:570)
	at utils.Reporter.reportStep(Reporter.java:19)
	at wrappers.GenericWrappers.takeSnap(GenericWrappers.java:570)
	at utils.Reporter.reportStep(Reporter.java:19)
	at wrappers.GenericWrappers.takeSnap(GenericWrappers.java:570)
	at utils.Reporter.reportStep(Reporter.java:19)
	at wrappers.GenericWrappers.takeSnap(GenericWrappers.java:570)
	at utils.Reporter.reportStep(Reporter.java:19)
	at wrappers.GenericWrappers.takeSnap(GenericWrappers.java:570)
	at utils.Reporter.reportStep(Reporter.java:19)
	at wrappers.GenericWrappers.takeSnap(GenericWrappers.java:570)
	at utils.Reporter.reportStep(Reporter.java:19)
	at wrappers.GenericWrappers.takeSnap(GenericWrappers.java:570)
	at utils.Reporter.reportStep(Reporter.java:19)
	at wrappers.GenericWrappers.takeSnap(GenericWrappers.java:570)
	at utils.Reporter.reportStep(Reporter.java:19)
	at wrappers.GenericWrappers.takeSnap(GenericWrappers.java:570)
	at utils.Reporter.reportStep(Reporter.java:19)
	at wrappers.GenericWrappers.takeSnap(GenericWrappers.java:570)
	at utils.Reporter.reportStep(Reporter.java:19)
	at wrappers.GenericWrappers.takeSnap(GenericWrappers.java:570)
	at utils.Reporter.reportStep(Reporter.java:19)
	at wrappers.GenericWrappers.takeSnap(GenericWrappers.java:570)
	at utils.Reporter.reportStep(Reporter.java:19)
	at wrappers.GenericWrappers.takeSnap(GenericWrappers.java:570)
	at utils.Reporter.reportStep(Reporter.java:19)
	at wrappers.GenericWrappers.takeSnap(GenericWrappers.java:570)
	at utils.Reporter.reportStep(Reporter.java:19)
	at wrappers.GenericWrappers.takeSnap(GenericWrappers.java:570)
	at utils.Reporter.reportStep(Reporter.java:19)
	at wrappers.GenericWrappers.takeSnap(GenericWrappers.java:570)
	at utils.Reporter.reportStep(Reporter.java:19)
	at wrappers.GenericWrappers.takeSnap(GenericWrappers.java:570)
	at utils.Reporter.reportStep(Reporter.java:19)
	at wrappers.GenericWrappers.takeSnap(GenericWrappers.java:570)
	at utils.Reporter.reportStep(Reporter.java:19)
	at wrappers.GenericWrappers.takeSnap(GenericWrappers.java:570)
	at utils.Reporter.reportStep(Reporter.java:19)
	at wrappers.GenericWrappers.takeSnap(GenericWrappers.java:570)
	at utils.Reporter.reportStep(Reporter.java:19)
	at wrappers.GenericWrappers.takeSnap(GenericWrappers.java:570)
	at utils.Reporter.reportStep(Reporter.java:19)
	at wrappers.GenericWrappers.takeSnap(GenericWrappers.java:570)
	at utils.Reporter.reportStep(Reporter.java:19)
	at wrappers.GenericWrappers.takeSnap(GenericWrappers.java:570)
	at utils.Reporter.reportStep(Reporter.java:19)
	at wrappers.GenericWrappers.takeSnap(GenericWrappers.java:570)
	at utils.Reporter.reportStep(Reporter.java:19)
	at wrappers.GenericWrappers.takeSnap(GenericWrappers.java:570)
	at utils.Reporter.reportStep(Reporter.java:19)
	at wrappers.GenericWrappers.takeSnap(GenericWrappers.java:570)
	at utils.Reporter.reportStep(Reporter.java:19)
	at wrappers.GenericWrappers.takeSnap(GenericWrappers.java:570)
	at utils.Reporter.reportStep(Reporter.java:19)
	at wrappers.GenericWrappers.takeSnap(GenericWrappers.java:570)
	at utils.Reporter.reportStep(Reporter.java:19)
	at wrappers.GenericWrappers.takeSnap(GenericWrappers.java:570)
	at utils.Reporter.reportStep(Reporter.java:19)
	at wrappers.GenericWrappers.takeSnap(GenericWrappers.java:570)
	at utils.Reporter.reportStep(Reporter.java:19)
	at wrappers.GenericWrappers.takeSnap(GenericWrappers.java:570)
	at utils.Reporter.reportStep(Reporter.java:19)
	at wrappers.GenericWrappers.takeSnap(GenericWrappers.java:570)
	at utils.Reporter.reportStep(Reporter.java:19)
	at wrappers.GenericWrappers.takeSnap(GenericWrappers.java:570)
	at utils.Reporter.reportStep(Reporter.java:19)
	at wrappers.GenericWrappers.takeSnap(GenericWrappers.java:570)
	at utils.Reporter.reportStep(Reporter.java:19)
	at wrappers.GenericWrappers.takeSnap(GenericWrappers.java:570)
	at utils.Reporter.reportStep(Reporter.java:19)
	at wrappers.GenericWrappers.takeSnap(GenericWrappers.java:570)
	at utils.Reporter.reportStep(Reporter.java:19)
	at wrappers.GenericWrappers.takeSnap(GenericWrappers.java:570)
	at utils.Reporter.reportStep(Reporter.java:19)
	at wrappers.GenericWrappers.takeSnap(GenericWrappers.java:570)
	at utils.Reporter.reportStep(Reporter.java:19)
	at wrappers.GenericWrappers.takeSnap(GenericWrappers.java:570)
	at utils.Reporter.reportStep(Reporter.java:19)
	at wrappers.GenericWrappers.takeSnap(GenericWrappers.java:570)
	at utils.Reporter.reportStep(Reporter.java:19)
	at wrappers.GenericWrappers.takeSnap(GenericWrappers.java:570)
	at utils.Reporter.reportStep(Reporter.java:19)
	at wrappers.GenericWrappers.takeSnap(GenericWrappers.java:570)
	at utils.Reporter.reportStep(Reporter.java:19)
	at wrappers.GenericWrappers.takeSnap(GenericWrappers.java:570)
	at utils.Reporter.reportStep(Reporter.java:19)
	at wrappers.GenericWrappers.takeSnap(GenericWrappers.java:570)
	at utils.Reporter.reportStep(Reporter.java:19)
	at wrappers.GenericWrappers.takeSnap(GenericWrappers.java:570)
	at utils.Reporter.reportStep(Reporter.java:19)
	at wrappers.GenericWrappers.takeSnap(GenericWrappers.java:570)
	at utils.Reporter.reportStep(Reporter.java:19)
	at wrappers.GenericWrappers.takeSnap(GenericWrappers.java:570)
	at utils.Reporter.reportStep(Reporter.java:19)
	at wrappers.GenericWrappers.takeSnap(GenericWrappers.java:570)
	at utils.Reporter.reportStep(Reporter.java:19)
	at wrappers.GenericWrappers.takeSnap(GenericWrappers.java:570)
	at utils.Reporter.reportStep(Reporter.java:19)
	at wrappers.GenericWrappers.takeSnap(GenericWrappers.java:570)
	at utils.Reporter.reportStep(Reporter.java:19)
	at wrappers.GenericWrappers.takeSnap(GenericWrappers.java:570)
	at utils.Reporter.reportStep(Reporter.java:19)
	at wrappers.GenericWrappers.takeSnap(GenericWrappers.java:570)
	at utils.Reporter.reportStep(Reporter.java:19)
	at wrappers.GenericWrappers.takeSnap(GenericWrappers.java:570)
	at utils.Reporter.reportStep(Reporter.java:19)
	at wrappers.GenericWrappers.takeSnap(GenericWrappers.java:570)
	at utils.Reporter.reportStep(Reporter.java:19)
	at wrappers.GenericWrappers.takeSnap(GenericWrappers.java:570)
	at utils.Reporter.reportStep(Reporter.java:19)
	at wrappers.GenericWrappers.takeSnap(GenericWrappers.java:570)
	at utils.Reporter.reportStep(Reporter.java:19)
	at wrappers.GenericWrappers.takeSnap(GenericWrappers.java:570)
	at utils.Reporter.reportStep(Reporter.java:19)
	at wrappers.GenericWrappers.takeSnap(GenericWrappers.java:570)
	at utils.Reporter.reportStep(Reporter.java:19)
	at wrappers.GenericWrappers.takeSnap(GenericWrappers.java:570)
	at utils.Reporter.reportStep(Reporter.java:19)
	at wrappers.GenericWrappers.takeSnap(GenericWrappers.java:570)
	at utils.Reporter.reportStep(Reporter.java:19)
	at wrappers.GenericWrappers.takeSnap(GenericWrappers.java:570)
	at utils.Reporter.reportStep(Reporter.java:19)
	at wrappers.GenericWrappers.takeSnap(GenericWrappers.java:570)
	at utils.Reporter.reportStep(Reporter.java:19)
	at wrappers.GenericWrappers.takeSnap(GenericWrappers.java:570)
	at utils.Reporter.reportStep(Reporter.java:19)
	at wrappers.GenericWrappers.takeSnap(GenericWrappers.java:570)
	at utils.Reporter.reportStep(Reporter.java:19)
	at wrappers.GenericWrappers.takeSnap(GenericWrappers.java:570)
	at utils.Reporter.reportStep(Reporter.java:19)
	at wrappers.GenericWrappers.takeSnap(GenericWrappers.java:570)
	at utils.Reporter.reportStep(Reporter.java:19)
	at wrappers.GenericWrappers.takeSnap(GenericWrappers.java:570)
	at utils.Reporter.reportStep(Reporter.java:19)
	at wrappers.GenericWrappers.takeSnap(GenericWrappers.java:570)
	at utils.Reporter.reportStep(Reporter.java:19)
	at wrappers.GenericWrappers.takeSnap(GenericWrappers.java:570)
	at utils.Reporter.reportStep(Reporter.java:19)
	at wrappers.GenericWrappers.takeSnap(GenericWrappers.java:570)
	at utils.Reporter.reportStep(Reporter.java:19)
	at wrappers.GenericWrappers.takeSnap(GenericWrappers.java:570)
	at utils.Reporter.reportStep(Reporter.java:19)
	at wrappers.GenericWrappers.takeSnap(GenericWrappers.java:570)
	at utils.Reporter.reportStep(Reporter.java:19)
	at wrappers.GenericWrappers.takeSnap(GenericWrappers.java:570)
	at utils.Reporter.reportStep(Reporter.java:19)
	at wrappers.GenericWrappers.takeSnap(GenericWrappers.java:570)
	at utils.Reporter.reportStep(Reporter.java:19)
	at wrappers.GenericWrappers.takeSnap(GenericWrappers.java:570)
	at utils.Reporter.reportStep(Reporter.java:19)
	at wrappers.GenericWrappers.takeSnap(GenericWrappers.java:570)
	at utils.Reporter.reportStep(Reporter.java:19)
	at wrappers.GenericWrappers.takeSnap(GenericWrappers.java:570)
	at utils.Reporter.reportStep(Reporter.java:19)
	at wrappers.GenericWrappers.takeSnap(GenericWrappers.java:570)
	at utils.Reporter.reportStep(Reporter.java:19)
	at wrappers.GenericWrappers.takeSnap(GenericWrappers.java:570)
	at utils.Reporter.reportStep(Reporter.java:19)
	at wrappers.GenericWrappers.takeSnap(GenericWrappers.java:570)
	at utils.Reporter.reportStep(Reporter.java:19)
	at wrappers.GenericWrappers.takeSnap(GenericWrappers.java:570)
	at utils.Reporter.reportStep(Reporter.java:19)
	at wrappers.GenericWrappers.takeSnap(GenericWrappers.java:570)
	at utils.Reporter.reportStep(Reporter.java:19)
	at wrappers.GenericWrappers.takeSnap(GenericWrappers.java:570)
	at utils.Reporter.reportStep(Reporter.java:19)
	at wrappers.GenericWrappers.takeSnap(GenericWrappers.java:570)
	at utils.Reporter.reportStep(Reporter.java:19)
	at wrappers.GenericWrappers.takeSnap(GenericWrappers.java:570)
	at utils.Reporter.reportStep(Reporter.java:19)
	at wrappers.GenericWrappers.takeSnap(GenericWrappers.java:570)
	at utils.Reporter.reportStep(Reporter.java:19)
	at wrappers.GenericWrappers.takeSnap(GenericWrappers.java:570)
	at utils.Reporter.reportStep(Reporter.java:19)
	at wrappers.GenericWrappers.takeSnap(GenericWrappers.java:570)
	at utils.Reporter.reportStep(Reporter.java:19)
	at wrappers.GenericWrappers.takeSnap(GenericWrappers.java:570)
	at utils.Reporter.reportStep(Reporter.java:19)
	at wrappers.GenericWrappers.takeSnap(GenericWrappers.java:570)
	at utils.Reporter.reportStep(Reporter.java:19)
	at wrappers.GenericWrappers.takeSnap(GenericWrappers.java:570)
	at utils.Reporter.reportStep(Reporter.java:19)
	at wrappers.GenericWrappers.takeSnap(GenericWrappers.java:570)
	at utils.Reporter.reportStep(Reporter.java:19)
	at wrappers.GenericWrappers.takeSnap(GenericWrappers.java:570)
	at utils.Reporter.reportStep(Reporter.java:19)
	at wrappers.GenericWrappers.takeSnap(GenericWrappers.java:570)
	at utils.Reporter.reportStep(Reporter.java:19)
	at wrappers.GenericWrappers.takeSnap(GenericWrappers.java:570)
	at utils.Reporter.reportStep(Reporter.java:19)
	at wrappers.GenericWrappers.takeSnap(GenericWrappers.java:570)
	at utils.Reporter.reportStep(Reporter.java:19)
	at wrappers.GenericWrappers.takeSnap(GenericWrappers.java:570)
	at utils.Reporter.reportStep(Reporter.java:19)
	at wrappers.GenericWrappers.takeSnap(GenericWrappers.java:570)
	at utils.Reporter.reportStep(Reporter.java:19)
	at wrappers.GenericWrappers.takeSnap(GenericWrappers.java:570)
	at utils.Reporter.reportStep(Reporter.java:19)
	at wrappers.GenericWrappers.takeSnap(GenericWrappers.java:570)
	at utils.Reporter.reportStep(Reporter.java:19)
	at wrappers.GenericWrappers.takeSnap(GenericWrappers.java:570)
	at utils.Reporter.reportStep(Reporter.java:19)
	at wrappers.GenericWrappers.takeSnap(GenericWrappers.java:570)
	at utils.Reporter.reportStep(Reporter.java:19)
	at wrappers.GenericWrappers.takeSnap(GenericWrappers.java:570)
	at utils.Reporter.reportStep(Reporter.java:19)
	at wrappers.GenericWrappers.takeSnap(GenericWrappers.java:570)
	at utils.Reporter.reportStep(Reporter.java:19)
	at wrappers.GenericWrappers.takeSnap(GenericWrappers.java:570)
	at utils.Reporter.reportStep(Reporter.java:19)
	at wrappers.GenericWrappers.takeSnap(GenericWrappers.java:570)
	at utils.Reporter.reportStep(Reporter.java:19)
	at wrappers.GenericWrappers.takeSnap(GenericWrappers.java:570)
	at utils.Reporter.reportStep(Reporter.java:19)
	at wrappers.GenericWrappers.takeSnap(GenericWrappers.java:570)
	at utils.Reporter.reportStep(Reporter.java:19)
	at wrappers.GenericWrappers.takeSnap(GenericWrappers.java:570)
	at utils.Reporter.reportStep(Reporter.java:19)
	at wrappers.GenericWrappers.takeSnap(GenericWrappers.java:570)
	at utils.Reporter.reportStep(Reporter.java:19)
	at wrappers.GenericWrappers.takeSnap(GenericWrappers.java:570)
	at utils.Reporter.reportStep(Reporter.java:19)
	at wrappers.GenericWrappers.takeSnap(GenericWrappers.java:570)
	at utils.Reporter.reportStep(Reporter.java:19)
	at wrappers.GenericWrappers.takeSnap(GenericWrappers.java:570)
	at utils.Reporter.reportStep(Reporter.java:19)
	at wrappers.GenericWrappers.takeSnap(GenericWrappers.java:570)
	at utils.Reporter.reportStep(Reporter.java:19)
	at wrappers.GenericWrappers.takeSnap(GenericWrappers.java:570)
	at utils.Reporter.reportStep(Reporter.java:19)
	at wrappers.GenericWrappers.takeSnap(GenericWrappers.java:570)
	at utils.Reporter.reportStep(Reporter.java:19)
	at wrappers.GenericWrappers.takeSnap(GenericWrappers.java:570)
	at utils.Reporter.reportStep(Reporter.java:19)
	at wrappers.GenericWrappers.takeSnap(GenericWrappers.java:570)
	at utils.Reporter.reportStep(Reporter.java:19)
	at wrappers.GenericWrappers.takeSnap(GenericWrappers.java:570)
	at utils.Reporter.reportStep(Reporter.java:19)
	at wrappers.GenericWrappers.takeSnap(GenericWrappers.java:570)
	at utils.Reporter.reportStep(Reporter.java:19)
	at wrappers.GenericWrappers.takeSnap(GenericWrappers.java:570)
	at utils.Reporter.reportStep(Reporter.java:19)
	at wrappers.GenericWrappers.takeSnap(GenericWrappers.java:570)
	at utils.Reporter.reportStep(Reporter.java:19)
	at wrappers.GenericWrappers.takeSnap(GenericWrappers.java:570)
	at utils.Reporter.reportStep(Reporter.java:19)
	at wrappers.GenericWrappers.takeSnap(GenericWrappers.java:570)
	at utils.Reporter.reportStep(Reporter.java:19)
	at wrappers.GenericWrappers.takeSnap(GenericWrappers.java:570)
]]>
    </error>
  </testcase> <!-- login -->
  <testcase name="login" time="7.041" classname="testCases.TC001_Login"/>
</testsuite> <!-- testCases.TC001_Login -->
