<?xml version="1.0" encoding="UTF-8"?>
<!-- Generated by org.testng.reporters.JUnitReportReporter -->
<testsuite hostname="UmaShankar" name="testCases.TC006_MergeLead" tests="1" failures="0" timestamp="21 Sep 2017 15:55:00 GMT" time="46.741" errors="0">
  <testcase name="login" time="46.741" classname="testCases.TC006_MergeLead"/>
</testsuite> <!-- testCases.TC006_MergeLead -->
