<?xml version="1.0" encoding="UTF-8"?>
<!-- Generated by org.testng.reporters.JUnitReportReporter -->
<testsuite hostname="UmaShankar" name="testCases.TC004_DuplicateLead" tests="1" failures="0" timestamp="21 Sep 2017 15:47:55 GMT" time="37.787" errors="0">
  <testcase name="login" time="37.787" classname="testCases.TC004_DuplicateLead"/>
</testsuite> <!-- testCases.TC004_DuplicateLead -->
