<?xml version="1.0" encoding="UTF-8"?>
<!-- Generated by org.testng.reporters.JUnitReportReporter -->
<testsuite hostname="UmaShankar" name="testCases.TC005_EditLead" tests="1" failures="0" timestamp="21 Sep 2017 15:52:39 GMT" time="32.591" errors="0">
  <testcase name="login" time="32.591" classname="testCases.TC005_EditLead"/>
</testsuite> <!-- testCases.TC005_EditLead -->
