<?xml version="1.0" encoding="UTF-8"?>
<!-- Generated by org.testng.reporters.JUnitReportReporter -->
<testsuite hostname="UmaShankar" name="aui.LearnGrid" tests="1" failures="0" timestamp="24 Sep 2017 13:00:27 GMT" time="30.175" errors="0">
  <testcase name="learnGrid" time="30.175" classname="aui.LearnGrid"/>
</testsuite> <!-- aui.LearnGrid -->
