<?xml version="1.0" encoding="UTF-8"?>
<!-- Generated by org.testng.reporters.JUnitReportReporter -->
<testsuite hostname="UmaShankar" name="wrappers.DuplicateLead" tests="1" failures="0" timestamp="19 Sep 2017 11:55:14 GMT" time="46.091" errors="0">
  <testcase name="duplicateLead" time="46.091" classname="wrappers.DuplicateLead"/>
</testsuite> <!-- wrappers.DuplicateLead -->
