<?xml version="1.0" encoding="UTF-8"?>
<!-- Generated by org.testng.reporters.JUnitReportReporter -->
<testsuite hostname="UmaShankar" name="week5.DataProvider" tests="1" failures="0" timestamp="16 Sep 2017 13:25:28 GMT" time="1.509" errors="0">
  <testcase name="dataProvider" time="1.509" classname="week5.DataProvider"/>
</testsuite> <!-- week5.DataProvider -->
