<?xml version="1.0" encoding="UTF-8"?>
<!-- Generated by org.testng.reporters.JUnitReportReporter -->
<testsuite hostname="UmaShankar" name="week5.ReadDataFromExcel" tests="1" failures="0" timestamp="16 Sep 2017 14:33:39 GMT" time="1.795" errors="0">
  <testcase name="readDataFromExcel" time="1.795" classname="week5.ReadDataFromExcel"/>
</testsuite> <!-- week5.ReadDataFromExcel -->
