<?xml version="1.0" encoding="UTF-8"?>
<!-- Generated by org.testng.reporters.JUnitReportReporter -->
<testsuite hostname="UmaShankar" name="wrappers.DeleteLead" tests="1" failures="0" timestamp="15 Sep 2017 18:42:26 GMT" time="35.473" errors="0">
  <testcase name="deleteLead" time="35.473" classname="wrappers.DeleteLead"/>
</testsuite> <!-- wrappers.DeleteLead -->
